<?xml version="1.0" encoding="UTF-8"?>
<!-- Generated by org.testng.reporters.JUnitXMLReporter -->
<testsuite ignored="0" hostname="DESKTOP" failures="7" tests="7" name="Default test" time="13.681" errors="0" timestamp="05 May 2023 17:27:08 GMT">
  <testcase classname="io.cucumber.testng.AbstractTestNGCucumberTests" name="runScenario" time="0.721">
    <failure type="java.lang.NullPointerException" message="Cannot invoke &amp;quot;org.openqa.selenium.WebDriver.get(String)&amp;quot; because the return value of &amp;quot;com.qa.factory.DriverFactory.getDriver()&amp;quot; is null">
      <![CDATA[java.lang.NullPointerException: Cannot invoke "org.openqa.selenium.WebDriver.get(String)" because the return value of "com.qa.factory.DriverFactory.getDriver()" is null
at Parallel.AccountPageSteps.user_is_already_logged_in_the_application(AccountPageSteps.java:24)
at ✽.User is already logged in the application(classpath:Parallel/MyAccount.feature:6)
]]>
    </failure>
  </testcase> <!-- runScenario -->
  <testcase classname="io.cucumber.testng.AbstractTestNGCucumberTests" name="runScenario" time="0.726">
    <failure type="java.lang.NullPointerException" message="Cannot invoke &amp;quot;org.openqa.selenium.WebDriver.get(String)&amp;quot; because the return value of &amp;quot;com.qa.factory.DriverFactory.getDriver()&amp;quot; is null">
      <![CDATA[java.lang.NullPointerException: Cannot invoke "org.openqa.selenium.WebDriver.get(String)" because the return value of "com.qa.factory.DriverFactory.getDriver()" is null
at Parallel.LoginPageStep.userIsOnLoginPage(LoginPageStep.java:18)
at ✽.User is on login Page(classpath:Parallel/LoginPage.feature:5)
]]>
    </failure>
  </testcase> <!-- runScenario -->
  <testcase classname="io.cucumber.testng.AbstractTestNGCucumberTests" name="runScenario" time="0.732">
    <failure type="java.lang.NullPointerException" message="Cannot invoke &amp;quot;com.pages.AccountPage.ClickOnContactUs()&amp;quot; because &amp;quot;this.accountPage&amp;quot; is null">
      <![CDATA[java.lang.NullPointerException: Cannot invoke "com.pages.AccountPage.ClickOnContactUs()" because "this.accountPage" is null
at Parallel.ContactUsPageSteps.user_navigate_to_the_contact_us_page(ContactUsPageSteps.java:28)
at ✽.User Navigate to the contact us Page(classpath:Parallel/ContactUs.feature:4)
]]>
    </failure>
  </testcase> <!-- runScenario -->
  <testcase classname="io.cucumber.testng.AbstractTestNGCucumberTests" name="runScenario" time="0.724">
    <failure type="java.lang.NullPointerException" message="Cannot invoke &amp;quot;org.openqa.selenium.WebDriver.get(String)&amp;quot; because the return value of &amp;quot;com.qa.factory.DriverFactory.getDriver()&amp;quot; is null">
      <![CDATA[java.lang.NullPointerException: Cannot invoke "org.openqa.selenium.WebDriver.get(String)" because the return value of "com.qa.factory.DriverFactory.getDriver()" is null
at Parallel.LoginPageStep.userIsOnLoginPage(LoginPageStep.java:18)
at ✽.User is on login Page(classpath:Parallel/LoginPage.feature:5)
]]>
    </failure>
  </testcase> <!-- runScenario -->
  <testcase classname="io.cucumber.testng.AbstractTestNGCucumberTests" name="runScenario" time="0.728">
    <failure type="java.lang.NullPointerException" message="Cannot invoke &amp;quot;com.pages.AccountPage.ClickOnContactUs()&amp;quot; because &amp;quot;this.accountPage&amp;quot; is null">
      <![CDATA[java.lang.NullPointerException: Cannot invoke "com.pages.AccountPage.ClickOnContactUs()" because "this.accountPage" is null
at Parallel.ContactUsPageSteps.user_navigate_to_the_contact_us_page(ContactUsPageSteps.java:28)
at ✽.User Navigate to the contact us Page(classpath:Parallel/ContactUs.feature:4)
]]>
    </failure>
  </testcase> <!-- runScenario -->
  <testcase classname="io.cucumber.testng.AbstractTestNGCucumberTests" name="runScenario" time="0.738">
    <failure type="java.lang.NullPointerException" message="Cannot invoke &amp;quot;org.openqa.selenium.WebDriver.get(String)&amp;quot; because the return value of &amp;quot;com.qa.factory.DriverFactory.getDriver()&amp;quot; is null">
      <![CDATA[java.lang.NullPointerException: Cannot invoke "org.openqa.selenium.WebDriver.get(String)" because the return value of "com.qa.factory.DriverFactory.getDriver()" is null
at Parallel.AccountPageSteps.user_is_already_logged_in_the_application(AccountPageSteps.java:24)
at ✽.User is already logged in the application(classpath:Parallel/MyAccount.feature:6)
]]>
    </failure>
  </testcase> <!-- runScenario -->
  <testcase classname="io.cucumber.testng.AbstractTestNGCucumberTests" name="runScenario" time="0.744">
    <failure type="java.lang.NullPointerException" message="Cannot invoke &amp;quot;org.openqa.selenium.WebDriver.get(String)&amp;quot; because the return value of &amp;quot;com.qa.factory.DriverFactory.getDriver()&amp;quot; is null">
      <![CDATA[java.lang.NullPointerException: Cannot invoke "org.openqa.selenium.WebDriver.get(String)" because the return value of "com.qa.factory.DriverFactory.getDriver()" is null
at Parallel.LoginPageStep.userIsOnLoginPage(LoginPageStep.java:18)
at ✽.User is on login Page(classpath:Parallel/LoginPage.feature:5)
]]>
    </failure>
  </testcase> <!-- runScenario -->
</testsuite> <!-- Default test -->
